<?xml version="1.0" encoding="UTF-8"?>
<testsuite xmlns:xsi="http://www.w3.org/2001/XMLSchema-instance" xsi:noNamespaceSchemaLocation="https://maven.apache.org/surefire/maven-surefire-plugin/xsd/surefire-test-report.xsd" name="edu.eci.cvds.tdd.registry.RegistryTest" time="0.003" tests="5" errors="0" skipped="0" failures="0">
  <properties>
[...]
</properties>
  <testcase name="shouldValidateTheAge" classname="edu.eci.cvds.tdd.registry.RegistryTest" time="0"/>
  <testcase name="shouldDetectInvalidAge" classname="edu.eci.cvds.tdd.registry.RegistryTest" time="0"/>
  <testcase name="shouldValidateIfAPersonIsDead" classname="edu.eci.cvds.tdd.registry.RegistryTest" time="0"/>
  <testcase name="shouldRegisterVote" classname="edu.eci.cvds.tdd.registry.RegistryTest" time="0"/>
  <testcase name="shouldDetectIfAPersonHasAlreadyVoted" classname="edu.eci.cvds.tdd.registry.RegistryTest" time="0"/>
</testsuite>